Jan 23 06:25:07 vmi147857 liblogging-stdlog:  [origin software="rsyslogd" swVersion="8.24.0" x-pid="693" x-info="http://www.rsyslog.com"] rsyslogd was HUPed
Jan 23 06:25:08 vmi147857 CRON[12320]: pam_unix(cron:session): session closed for user root
Jan 23 06:39:01 vmi147857 CRON[12597]: pam_unix(cron:session): session opened for user root by (uid=0)
Jan 23 06:39:01 vmi147857 CRON[12598]: (root) CMD (  [ -x /usr/lib/php/sessionclean ] && if [ ! -d /run/systemd/system ]; then /usr/lib/php/sessionclean; fi)
Jan 23 06:39:01 vmi147857 CRON[12597]: pam_unix(cron:session): session closed for user root
Jan 23 06:39:01 vmi147857 systemd[1]: Starting Clean php session files...
Jan 23 06:39:01 vmi147857 systemd[1]: Started Clean php session files.
Jan 23 06:44:01 vmi147857 CRON[12700]: pam_unix(cron:session): session opened for user root by (uid=0)
Jan 23 06:44:01 vmi147857 CRON[12701]: (root) CMD (sync; echo 3 > /proc/sys/vm/drop_caches)
Jan 23 06:44:01 vmi147857 kernel: [3600772.118943] sh (12701): drop_caches: 3
Jan 23 06:44:01 vmi147857 CRON[12700]: pam_unix(cron:session): session closed for user root
Jan 23 06:55:59 vmi147857 systemd[1]: Starting Daily apt download activities...
Jan 23 06:56:00 vmi147857 systemd[1]: Started Daily apt download activities.
Jan 23 06:56:00 vmi147857 systemd[1]: apt-daily.timer: Adding 30min 21.644169s random time.
Jan 23 06:56:00 vmi147857 systemd[1]: apt-daily.timer: Adding 2min 50.926195s random time.
104.131.146.119 - - [23/Jan/2019:06:56:53 +0100] "GET / HTTP/1.1" 200 2014 "-" "Mozilla/5.0 zgrab/0.x"
Jan 23 07:09:01 vmi147857 CRON[12995]: pam_unix(cron:session): session opened for user root by (uid=0)
Jan 23 07:09:01 vmi147857 CRON[12996]: (root) CMD (  [ -x /usr/lib/php/sessionclean ] && if [ ! -d /run/systemd/system ]; then /usr/lib/php/sessionclean; fi)
Jan 23 07:09:01 vmi147857 CRON[12995]: pam_unix(cron:session): session closed for user root
Jan 23 07:09:01 vmi147857 systemd[1]: Starting Clean php session files...
198.143.37.165 - - [23/Jan/2019:10:34:47 +0000] "GET /wp-content/uploads/2016/02/unnamed-2.jpg HTTP/1.1" 301 640 "-" "Mozilla/5.0 (compatible; bingbot/2.0; +http://www.bing.com/bingbot.htm)"
198.143.37.145 - - [23/Jan/2019:10:34:58 +0000] "GET /favicon.ico HTTP/1.1" 301 582 "-" "Mozilla/5.0 (Windows NT 5.1; rv:11.0) Gecko Firefox/11.0 (via ggpht.com GoogleImageProxy)"
Jan 23 11:44:01 vmi147857 CRON[16643]: pam_unix(cron:session): session closed for user root
201.211.85.192 - - [23/Jan/2019:11:52:15 +0100] "GET / HTTP/1.1" 200 6087 "-" "Mozilla/5.0 (Windows NT 10.0; WOW64) AppleWebKit/537.36 (KHTML, like Gecko) Chrome/52.0.2743.116 Safari/537.36"
178.136.235.124 - - [23/Jan/2019:11:56:40 +0100] "GET //wp-login.php HTTP/1.1" 404 10329 "http://www.google.com.hk" "Mozilla/5.0 (Windows NT 6.1; WOW64) AppleWebKit/537.36 (KHTML, like Gecko) Chrome/42.0.2311.90 Safari/537.36"
Jan 23 12:09:01 vmi147857 CRON[16902]: pam_unix(cron:session): session opened for user root by (uid=0)
Jan 23 12:09:01 vmi147857 CRON[16903]: (root) CMD (  [ -x /usr/lib/php/sessionclean ] && if [ ! -d /run/systemd/system ]; then /usr/lib/php/sessionclean; fi)
Jan 23 12:09:01 vmi147857 CRON[16902]: pam_unix(cron:session): session closed for user root
Jan 23 12:09:01 vmi147857 systemd[1]: Starting Clean php session files...
Jan 23 12:09:02 vmi147857 systemd[1]: Started Clean php session files.
Jan 23 12:17:01 vmi147857 CRON[17050]: pam_unix(cron:session): session opened for user root by (uid=0)
Jan 23 12:17:01 vmi147857 CRON[17051]: (root) CMD (   cd / && run-parts --report /etc/cron.hourly)
Jan 23 12:17:01 vmi147857 CRON[17050]: pam_unix(cron:session): session closed for user root
Jan 23 12:39:01 vmi147857 CRON[17271]: pam_unix(cron:session): session opened for user root by (uid=0)
Jan 23 12:39:01 vmi147857 CRON[17272]: (root) CMD (  [ -x /usr/lib/php/sessionclean ] && if [ ! -d /run/systemd/system ]; then /usr/lib/php/sessionclean; fi)
Jan 23 12:39:01 vmi147857 CRON[17271]: pam_unix(cron:session): session closed for user root
Jan 23 12:39:01 vmi147857 systemd[1]: Starting Clean php session files...
Jan 23 12:39:02 vmi147857 systemd[1]: Started Clean php session files.
118.25.149.110 - - [23/Jan/2019:13:04:34 +0100] "POST /zuoshou.php HTTP/1.1" 404 10329 "-" "Mozilla/5.0 (compatible; MSIE 10.0; Windows NT 6.1; Trident/6.0)"
118.25.149.110 - - [23/Jan/2019:13:04:46 +0100] "POST /xx.php HTTP/1.1" 404 10329 "-" "Mozilla/5.0 (compatible; MSIE 10.0; Windows NT 6.1; Trident/6.0)"
Jan 23 13:09:01 vmi147857 CRON[17636]: pam_unix(cron:session): session opened for user root by (uid=0)
Jan 23 13:09:01 vmi147857 CRON[17637]: (root) CMD (  [ -x /usr/lib/php/sessionclean ] && if [ ! -d /run/systemd/system ]; then /usr/lib/php/sessionclean; fi)
Jan 23 13:09:01 vmi147857 CRON[17636]: pam_unix(cron:session): session closed for user root
Jan 23 13:09:01 vmi147857 systemd[1]: Starting Clean php session files...
Jan 23 13:09:01 vmi147857 systemd[1]: Started Clean php session files.
118.25.149.110 - - [23/Jan/2019:13:09:04 +0100] "GET /phpmyadmin/index.php?pma_username=root&pma_password=w123456&server=1 HTTP/1.1" 200 12763 "-" "Mozilla/5.0 (Windows NT 6.1; Win64; x64) AppleWebKit/537.36 (KHTML, like Gecko) Chrome/49.0.2623.105 Safari/537.36"

